Build started 2018/07/10 8:47:20.
     1>Project "D:\SVN\TW\UTCTW_AP\trunk\proj\MutualLogConverter\MutualLogConverter\MutualLogConverter.vcxproj" on node 2 (Build target(s)).
     1>ClCompile:
         C:\Program Files (x86)\Microsoft Visual Studio 11.0\VC\bin\CL.exe /c /ZI /nologo /W3 /WX- /sdl /Od /Oy- /D WIN32 /D _WINDOWS /D _DEBUG /D _UNICODE /D UNICODE /D _AFXDLL /Gm /EHsc /RTC1 /MDd /GS /fp:precise /Zc:wchar_t /Zc:forScope /Yu"stdafx.h" /Fp"Debug\MutualLogConverter.pch" /Fo"Debug\\" /Fd"Debug\vc110.pdb" /Gd /TP /analyze- /errorReport:prompt CSVParser.cpp MutualLogConverter.cpp MutualLogConverterDlg.cpp XLSXWriter.cpp
         XLSXWriter.cpp
         MutualLogConverterDlg.cpp
         Generating Code...
         Compiling...
         MutualLogConverter.cpp
         CSVParser.cpp
         Generating Code...
       Link:
         C:\Program Files (x86)\Microsoft Visual Studio 11.0\VC\bin\link.exe /ERRORREPORT:PROMPT /OUT:"D:\SVN\TW\UTCTW_AP\trunk\proj\MutualLogConverter\Debug\MutualLogConverter.exe" /INCREMENTAL /NOLOGO /MANIFEST /MANIFESTUAC:"level='asInvoker' uiAccess='false'" /manifest:embed /manifestinput:"C:\Program Files (x86)\Microsoft Visual Studio 11.0\VC\Include\Manifest\dpiaware.manifest" /DEBUG /PDB:"D:\SVN\TW\UTCTW_AP\trunk\proj\MutualLogConverter\Debug\MutualLogConverter.pdb" /SUBSYSTEM:WINDOWS /TLBID:1 /ENTRY:"wWinMainCRTStartup" /DYNAMICBASE /NXCOMPAT /IMPLIB:"D:\SVN\TW\UTCTW_AP\trunk\proj\MutualLogConverter\Debug\MutualLogConverter.lib" /MACHINE:X86 Debug\MutualLogConverter.res
         Debug\CSVParser.obj
         Debug\CSVWriter.obj
         Debug\MutualLogConverter.obj
         Debug\MutualLogConverterDlg.obj
         Debug\stdafx.obj
         Debug\XLSXWriter.obj
         MutualLogConverter.vcxproj -> D:\SVN\TW\UTCTW_AP\trunk\proj\MutualLogConverter\Debug\MutualLogConverter.exe
     1>Done Building Project "D:\SVN\TW\UTCTW_AP\trunk\proj\MutualLogConverter\MutualLogConverter\MutualLogConverter.vcxproj" (Build target(s)).

Build succeeded.

Time Elapsed 00:00:20.48
